[2017-11-29 00:55:01] https://github.com/mamedev/mame/releases/tag/mame0192
[2017-11-29 00:57:17] https://www.reddit.com/r/MAME/comments/7g9s77/mame_0192/
[2017-11-29 00:59:05] photo: /home/felipe/devel/github_ArqueologiaDigital/Telegram_logs/media/Arqueologia_Digital_e_Preservação_Histórica_por_meio_da_Emulação_de_Dispositivos_Eletrônicos/download_804724881_82612.jpg
[2017-11-29 01:00:25] photo: /home/felipe/devel/github_ArqueologiaDigital/Telegram_logs/media/Arqueologia_Digital_e_Preservação_Histórica_por_meio_da_Emulação_de_Dispositivos_Eletrônicos/download_804728630_64274.jpg
[2017-11-29 01:04:03] Não sabia q vc tinha feito o Codimex tbm
[2017-11-29 01:04:45] Nossa, esse cara (Robbbert) emula coisa bagarai
[2017-11-29 01:04:52] Até PS2
[2017-11-29 01:05:17] photo: /home/felipe/devel/github_ArqueologiaDigital/Telegram_logs/media/Arqueologia_Digital_e_Preservação_Histórica_por_meio_da_Emulação_de_Dispositivos_Eletrônicos/download_806121136_279.jpg
[2017-11-29 01:06:03] Gran Trak 10/Trak 10/Formula K (older) [TTL] [Ed Fries, Tim Giddens, Andy Welburn]
[2017-11-29 01:06:10] :-)
[2017-11-29 01:06:54] achei estranho não constarem os Sagitta nessa lista aí
[2017-11-29 01:07:27] será que fizemos no 0.191 ? Acho que não. Acho que é mais recente. Vai ver o Cuavas esqueceu de botar nos release notes
[2017-11-29 01:07:43] to indo dormir, té mais
[2017-11-29 01:07:58] Nem o Zezinho
[2017-11-29 01:08:03] Nem PF
[2017-11-29 01:10:18] verdade
[2017-11-29 08:10:11] É por que o Zezinho e os Sagitta ainda estão em pull requests pendentes.
[2017-11-29 08:11:37] E o Lepus 200 eu nem sequer submeti ainda pois mal comecei a emular (apenas rascunhei um inicio de driver aquele dia na USP)
[2017-11-29 08:12:20] Nao teve nenhum aprimoramento no driver do Patinho Feio nesse mês.
[2017-11-29 08:13:59] Sim! Só que esse aí tá marcado como  "non-working" por enquanto.
[2017-11-29 08:14:38] Circuito TTL é complicado de simular.
[2017-11-29 08:24:52] Falando no Lepus 200, o disassembly continua andando (mas devagar). O que eu achava que era o click do teclado agora me parece ser o LED do caps lock...
[2017-11-29 08:50:55] :-)
[2017-11-29 14:41:25] DQ vc é o cara!
