[2018-01-26 00:50:45] Hey juca, manda a rom da placa de video que vc dumpou
[2018-01-26 10:21:40] Tudo certo para hoje à tarde?
[2018-01-26 11:18:23] Tudo certo por mim
[2018-01-26 12:03:48] yep!
[2018-01-26 12:03:54] tudo certo
[2018-01-26 14:14:14] Ja cheguei aqui
[2018-01-26 14:19:49] E a mulher da portaria so perguntou o nome, nem checou o rg
[2018-01-26 14:19:49] Entao se seu amigo vier, so fala pra ele falar que o nome dele é Francisco Viana
[2018-01-26 18:27:07] photo: /home/felipe/devel/github_ArqueologiaDigital/Telegram_logs/media/Arqueologia_Digital_e_Preservação_Histórica_por_meio_da_Emulação_de_Dispositivos_Eletrônicos/download_804724635_121109.jpg
[2018-01-26 18:27:07] photo: /home/felipe/devel/github_ArqueologiaDigital/Telegram_logs/media/Arqueologia_Digital_e_Preservação_Histórica_por_meio_da_Emulação_de_Dispositivos_Eletrônicos/download_804727607_98139.jpg
[2018-01-26 18:27:08] photo: /home/felipe/devel/github_ArqueologiaDigital/Telegram_logs/media/Arqueologia_Digital_e_Preservação_Histórica_por_meio_da_Emulação_de_Dispositivos_Eletrônicos/download_806122639_31856.jpg
[2018-01-26 18:27:08] photo: /home/felipe/devel/github_ArqueologiaDigital/Telegram_logs/media/Arqueologia_Digital_e_Preservação_Histórica_por_meio_da_Emulação_de_Dispositivos_Eletrônicos/download_806120551_31541.jpg
[2018-01-26 18:27:08] photo: /home/felipe/devel/github_ArqueologiaDigital/Telegram_logs/media/Arqueologia_Digital_e_Preservação_Histórica_por_meio_da_Emulação_de_Dispositivos_Eletrônicos/download_805514107_84195.jpg
[2018-01-26 18:27:08] photo: /home/felipe/devel/github_ArqueologiaDigital/Telegram_logs/media/Arqueologia_Digital_e_Preservação_Histórica_por_meio_da_Emulação_de_Dispositivos_Eletrônicos/download_804726924_98310.jpg
[2018-01-26 18:27:08] photo: /home/felipe/devel/github_ArqueologiaDigital/Telegram_logs/media/Arqueologia_Digital_e_Preservação_Histórica_por_meio_da_Emulação_de_Dispositivos_Eletrônicos/download_806123714_31409.jpg
[2018-01-26 18:27:08] photo: /home/felipe/devel/github_ArqueologiaDigital/Telegram_logs/media/Arqueologia_Digital_e_Preservação_Histórica_por_meio_da_Emulação_de_Dispositivos_Eletrônicos/download_804725913_122689.jpg
[2018-01-26 18:27:08] photo: /home/felipe/devel/github_ArqueologiaDigital/Telegram_logs/media/Arqueologia_Digital_e_Preservação_Histórica_por_meio_da_Emulação_de_Dispositivos_Eletrônicos/download_806123768_31599.jpg
[2018-01-26 18:27:08] photo: /home/felipe/devel/github_ArqueologiaDigital/Telegram_logs/media/Arqueologia_Digital_e_Preservação_Histórica_por_meio_da_Emulação_de_Dispositivos_Eletrônicos/download_804722358_124179.jpg
[2018-01-26 18:27:08] photo: /home/felipe/devel/github_ArqueologiaDigital/Telegram_logs/media/Arqueologia_Digital_e_Preservação_Histórica_por_meio_da_Emulação_de_Dispositivos_Eletrônicos/download_806120004_31177.jpg
[2018-01-26 18:27:08] photo: /home/felipe/devel/github_ArqueologiaDigital/Telegram_logs/media/Arqueologia_Digital_e_Preservação_Histórica_por_meio_da_Emulação_de_Dispositivos_Eletrônicos/download_804726635_96312.jpg
[2018-01-26 18:27:08] photo: /home/felipe/devel/github_ArqueologiaDigital/Telegram_logs/media/Arqueologia_Digital_e_Preservação_Histórica_por_meio_da_Emulação_de_Dispositivos_Eletrônicos/download_806123280_32068.jpg
[2018-01-26 18:27:08] photo: /home/felipe/devel/github_ArqueologiaDigital/Telegram_logs/media/Arqueologia_Digital_e_Preservação_Histórica_por_meio_da_Emulação_de_Dispositivos_Eletrônicos/download_806117057_31767.jpg
[2018-01-26 18:27:08] photo: /home/felipe/devel/github_ArqueologiaDigital/Telegram_logs/media/Arqueologia_Digital_e_Preservação_Histórica_por_meio_da_Emulação_de_Dispositivos_Eletrônicos/download_806120511_31820.jpg
[2018-01-26 18:57:55] Nada aquece o coração como o murmúrio do ASR-33...
