[2018-02-22 14:25:33] O disco que veio com ele é esse
[2018-02-22 14:25:42] photo: /home/felipe/devel/github_ArqueologiaDigital/Telegram_logs/media/Arqueologia_Digital_e_Preservação_Histórica_por_meio_da_Emulação_de_Dispositivos_Eletrônicos/download_804729040_114059.jpg
[2018-02-22 14:26:23] Tirei a placa
[2018-02-22 14:26:29] Vo pegar as roms e dumpar
[2018-02-22 14:26:40] photo: /home/felipe/devel/github_ArqueologiaDigital/Telegram_logs/media/Arqueologia_Digital_e_Preservação_Histórica_por_meio_da_Emulação_de_Dispositivos_Eletrônicos/download_806122666_47574.jpg
[2018-02-22 14:27:03] Achei legal que até esse computador "portatil" tinha duas portas de expansao
[2018-02-22 14:27:14] photo: /home/felipe/devel/github_ArqueologiaDigital/Telegram_logs/media/Arqueologia_Digital_e_Preservação_Histórica_por_meio_da_Emulação_de_Dispositivos_Eletrônicos/download_806121475_46551.jpg
[2018-02-22 14:27:40] Pela cara é uma serial e uma paralela.
[2018-02-22 14:28:47] Ahh, digo slot de expansao
[2018-02-22 14:28:56] Aqueles dois isa 8 bits
[2018-02-22 14:29:23] Hum
[2018-02-22 14:39:45] E olha que maneiro, o rom 27128 ta soldado na placa :(
[2018-02-22 14:40:01] photo: /home/felipe/devel/github_ArqueologiaDigital/Telegram_logs/media/Arqueologia_Digital_e_Preservação_Histórica_por_meio_da_Emulação_de_Dispositivos_Eletrônicos/download_804723115_141015.jpg
[2018-02-22 14:41:31] anota as referencias de todas as ROMs na placa (tipo CI-87) e os códigos das etiquetas
[2018-02-22 14:41:44] vi que tem outro rom set circulando por aí
[2018-02-22 14:41:49] pode ser util pra comparar
[2018-02-22 14:42:25] Yeah, eu vo fazer isso
[2018-02-22 14:42:33] Tem uma otra romzinha que ta soquetada
[2018-02-22 17:44:25] SO @? :)
[2018-02-22 17:45:22] eu achava que tava escrito algo como SO8
[2018-02-22 17:45:33] mas agora que vc falou, realmente... parece um arroba!
