[2018-02-14 00:40:50] Hey guys, eu tenho algo aqui que talvez algum de vcs ache interessante
[2018-02-14 00:41:21] photo: /home/felipe/devel/github_ArqueologiaDigital/Telegram_logs/media/Arqueologia_Digital_e_Preservação_Histórica_por_meio_da_Emulação_de_Dispositivos_Eletrônicos/download_804730987_111370.jpg
[2018-02-14 00:41:27] Isso nao é do museu
[2018-02-14 00:41:43] Isso é meu mesmo 😄, costumava ser do meu pai
[2018-02-14 00:41:51] Que guardou em EXCELENTE estado
[2018-02-14 00:42:04] Wow!!!
[2018-02-14 00:43:08] Abre uma postagem lá no Fiozera pra contar os detalhes dessa história, Affonso !
[2018-02-14 00:43:20] Vo abrir
[2018-02-14 00:43:25] Legal
[2018-02-14 00:44:01] E melhor
[2018-02-14 00:44:05] Tem duas 😄
[2018-02-14 00:44:14] :-)
[2018-02-14 00:44:26] photo: /home/felipe/devel/github_ArqueologiaDigital/Telegram_logs/media/Arqueologia_Digital_e_Preservação_Histórica_por_meio_da_Emulação_de_Dispositivos_Eletrônicos/download_806118788_41428.jpg
[2018-02-14 00:44:36] A otra é uma targa 16
[2018-02-14 00:45:27] Eu tava organizando umas coisas minhas aqui em casa e eu achei isso
[2018-02-14 00:45:48] Vo levar os disquetes la pra usp pra dumpar
[2018-02-14 00:45:56] Seria uma pena enorme se esses discos morressem
[2018-02-14 00:46:29] A ultima vez que eu fui atras e pesquisei coisas sobre essas placas eu n achei muito
[2018-02-14 00:47:40] É um adaptador de video profissional, (e caro)
[2018-02-14 00:47:58] Pessoal usava pra ediçao e etc
[2018-02-14 01:09:20] vai com calma antes de sair lendo esses discos em qualquer drive!
[2018-02-14 01:09:43] usa uns discos virgens pra testar antes e ver se o cabeçote da unidade de disco não tá sujo
[2018-02-14 01:10:17] teste imediatamente antes de tentar ler seus discos raros, pois a unidade pode sujar a qualquer uso prévio duma hora pra outra
[2018-02-14 01:10:40] 😄😄😄 dont worry
[2018-02-14 01:10:57] Esses discos eram do meu pai, eu vou tomar um cuidado infernal com eles
[2018-02-14 01:11:03] ok :-D
[2018-02-14 02:01:46] abri o tópico sobre a leitora de fita perfurada lá no Fórum Fiozera também: https://forum.fiozera.com.br/t/leitora-de-fita-perfurada-modelo-facit-4021-suecia-1974/186
[2018-02-14 06:43:22] Lembro que falavam muito dessas placas
[2018-02-14 11:22:55] https://twitter.com/sylvainsarrailh/status/963552230589829121
[2018-02-14 11:23:09] photo: /home/felipe/devel/github_ArqueologiaDigital/Telegram_logs/media/Arqueologia_Digital_e_Preservação_Histórica_por_meio_da_Emulação_de_Dispositivos_Eletrônicos/download_806122261_41468.jpg
[2018-02-14 11:23:09] 27 anos de idade hoje !!!
[2018-02-14 12:14:34] Deve ser a base do remaster
[2018-02-14 12:52:52] Lemmings é fantástico
[2018-02-14 14:06:36] +1
[2018-02-14 14:57:36] Lincoln Clarete joined with an invite link
[2018-02-14 14:57:54] Olá, Lincoln! Bom te ver por aqui. Se apresenta aí pro pessoal!
[2018-02-14 14:58:15] Conta pra gente um pouco sobre teu interesse em história da computacão, e etc.
[2018-02-14 14:59:52] Opa valew Felipe! Tudo bem gente?! Sou o Lincoln!
[2018-02-14 15:00:03] Programador e normalmente me atento mais a software do que hardware (na real, tenho pouca ou quase nenhuma experiencia com hardware lol). Mas tenho muito interesse em aprender mais sobre computacao em geral! Tenho acompanhado de longe o trabalho do Felipe com o Patinho Feio e com os videos do canal dele em geral.
[2018-02-14 15:00:45] Dai fiquei curioso de saber se o museu ja tinha um website pra pessoas com menos experiencia tecnica. Mais pra divulgar mesmo o trabalho que voces tem feito pra preservar a historia da computacao brasileira
[2018-02-14 15:00:58] O Affonso , que está nesse grupo aqui também, é estagiário lá no acervo histórico de tecnologia da informação da usp
[2018-02-14 15:01:10] Eu total me disponibilizo pra ajudar se voces tiverem interesse!
[2018-02-14 15:01:36] o museu tem uma página no facebook, mas acho que ainda não tem site
[2018-02-14 15:01:56] algumas coisas que a gente faz lá são documentadas no Fórum Fiozera
[2018-02-14 15:02:29] e um tempo atrás eu migrei da minha conta pessoal do github um monte de repositórios para uma nova organização que eu criei chamada Arqueologia Digital
[2018-02-14 15:02:36] https://github.com/ArqueologiaDigital
[2018-02-14 15:03:59] eu comprei o dominio e um amigo nosso começou a montar um site por meio do GitHub Pages para servir de "cardápio" para esse conjunto de recursos espalhados em repos do GitHub, itens no Internet Archive, postagens no Fórum Fiozera, etc.
[2018-02-14 15:04:15] O site tá bem tosquinho ainda. Acho que daria pra melhorar bastante!
[2018-02-14 15:04:27] http://arqueologiadigital.org/
[2018-02-14 15:04:32] Pra ser sincero, eu acho que tá bem zoado hoje em dia
[2018-02-14 15:04:33] Ooopa, massa d+++
[2018-02-14 15:05:17] Eu sonhava em ver algo similar ao layout desse site aqui: https://arcadeblogger.com/
[2018-02-14 15:05:59] Niiiice, esse site ai eh uma boa referencia! Acho massa de mais!
[2018-02-14 15:06:32] Alem dos artigos ia ser massa linkar com uns videos tambem e tal
[2018-02-14 15:07:12] se voces acharem que vale o trampo, eu posso propor uma outra cara pro arqueologiadigital.org
[2018-02-14 15:09:34] eu amo essa sua proposta! :-D
[2018-02-14 15:09:53] \o/ magavilha!!!
[2018-02-14 15:09:55] Sim! Botar os vídeos do Happy Hacking Video Blog lá também, com certeza
[2018-02-14 15:10:38] Eu pensei na possibilidade de fazer o site todo estático mesmo (sem banco de dados) e programá-lo de modo a puxar as infos de um JSON simples hospedado no repo também
[2018-02-14 15:10:54] curto muito sites estaticos
[2018-02-14 15:11:30] e aí o JSON pode ter campos padrão como título, thumbnail, url-externa, mini-parágrafo-resumo etc
[2018-02-14 15:11:30] entao, voce acha vai ter mais conteudo pra esse site? Podemos tambem linkar com o forum, dai o que for publicado no forum sob uma certa tag ou sei la, aparece no site
[2018-02-14 15:11:50] é... talvez...
[2018-02-14 15:12:03] eu acho melhor fazer a curadoria manualmente das coisas mais interessantes
[2018-02-14 15:12:23] acho melhor do que ficar botando no site absolutamente tudo que as pessoas subirem pro Fórum
[2018-02-14 15:12:43] saquei, massa de mais!
[2018-02-14 15:13:33] tem uns geradores de site estatico que eu ja me deparei antes: http://gohugo.io/ https://www.gatsbyjs.org/
[2018-02-14 15:13:36] Vai ter um site pro museu, mas vai ser so pra exposiçao do acervo e propaganda mesmo
[2018-02-14 15:14:30] tem também o lance que cada assunto pode ter múltiplas presenças na rede. Por exemplo, o projeto do Patinho Feio. Tem vídeo sobre oPatinho Feio no Happy Hacking Video Blog. Tem um monte de documentos escaneados de teses de mestrado no Internet Archive. Tem duas postagens longas no Fiozera... Seria interessante pensar um layout que valorizasse o projeto inteiro na homepage e depois permitisse abrir um detalhamento maior de itens numa segunda página. Faz sentido ?
[2018-02-14 15:14:52] Faz muito sentido
[2018-02-14 15:15:05] Eu acho legal ter um site pro Museu. Mas eu quero construir algo mais amplo e menos dependente da USP.
[2018-02-14 15:15:25] E sei la, ia ser bacana ter uma time-line da computacao no brasil tambem. Algo interativo que desse pra navegar por ano
[2018-02-14 15:15:44] Ahh um negocio desses vai tee
[2018-02-14 15:15:48] 😄😄
[2018-02-14 15:16:07] é... eu só tomaria cuidado pra começar de leve com o basicão antes de querer abraçar o mundo
[2018-02-14 15:16:27] Ahh you know né, a usp que me paga e financia o bagulho todo
[2018-02-14 15:16:43] se for pra pirar, eu tenho algumas idéias sobre site interativo, por exemplo usando o MAME compilado com emscripten pra rodar o emulador das máquinas no próprio browser
[2018-02-14 15:17:39] sim sim! O que eu quero dizer é que os itens referentes às atividades feitas na USP provavelmente seria apenas uma das partes desse site mais genérico chamado arqueologiadigital.org
[2018-02-14 15:17:58] So falta tirar foto dos bagulho pra colocar o site do ar
[2018-02-14 15:18:00] Ahh ta
[2018-02-14 15:19:10] tipo... arqueologiadigital.org é um site comunitário (sendo eu o principal agitador) enquanto o site da USP... é da USP, é institucional, etc...
[2018-02-14 15:20:56] Lincoln, se você quiser começar fazendo um protótipo super basicão de algo vagamente similar ao Arcade Blogger acho que já seria um primeiro passo incrível para termos alguma coisa melhor do que o estado atual do site.
[2018-02-14 15:22:53] demorou! Vamos comecar entao com issae!
[2018-02-14 15:26:48] :-D
[2018-02-14 15:26:58] document: /home/felipe/devel/github_ArqueologiaDigital/Telegram_logs/media/Arqueologia_Digital_e_Preservação_Histórica_por_meio_da_Emulação_de_Dispositivos_Eletrônicos/download_285892071401719735.webp
[2018-02-14 15:27:01] \o/
[2018-02-14 15:27:09] E voce gosta da ideia dos static site generators?
[2018-02-14 15:27:20] fale mais...
[2018-02-14 15:28:24] a ideia eh usar arquivos Markdown (ou qualquer outro formato) pra criar o conteudo. Que pode ser gerenciado dentro de um git.
[2018-02-14 15:28:59] dai, o static site generator percorre esses arquivos markdown e gera uma versao com layout baseado num template
[2018-02-14 15:29:11] isso ai pode acontecer via git push por exemplo
[2018-02-14 15:29:38] o github pages suporta o Jekyll por padrao (https://jekyllrb.com/)
[2018-02-14 15:29:47] mas da pra usar qualquer coisa com um pouquinho de automacao
[2018-02-14 15:38:46] legal
[2018-02-14 15:38:53] usa aí o que você achar mais adequado
[2018-02-14 15:39:00] e a gente vai iterando
[2018-02-14 15:39:33] tem umas issues abertas no repo do github pages com conteúdos que daria pra publicar na página principal
[2018-02-14 15:40:07] https://github.com/ArqueologiaDigital/ArqueologiaDigital.github.io
[2018-02-14 15:42:07] tipo esse: https://github.com/ArqueologiaDigital/ArqueologiaDigital.github.io/issues/7
[2018-02-14 15:43:10] Lincoln , dá uma lida nessa mensagem antiga e o resto da conversa que rolou depois dela sobre esse assunto
[2018-02-14 15:43:36] massa! Vou dar uma olhada!
[2018-02-14 16:02:20] Lincoln, te convidei para o grupo "Web" da organização "Arqueologia Digital" no GitHub, pra ter acesso de escrita nesse repo do Github Pages que já tá vinculado à URL arqueologiadigital.org
[2018-02-14 16:02:32] comitou no master, tá no ar
[2018-02-14 16:05:01] Wohoo! Nice! Vou levar pelo menos uma semana pra fazer o prototipo! Mas aviso aqui quando tiver alguma coisa!!
[2018-02-14 16:05:16] legal
[2018-02-14 17:09:30] Alexandre Villares added John A. John
