[2017-11-14 17:31:47] Y K joined with an invite link
[2017-11-14 17:32:18] Já sei que vou gostar do grupo quando tem vídeo do 8-bit Guy como última mensagem.
[2017-11-14 17:32:23] Boa tarde a todos.
[2017-11-14 17:33:13] Olá, Y K
[2017-11-14 17:33:21] Qual é o seu nome?
[2017-11-14 17:33:29] Yuri
[2017-11-14 17:34:40] Por favor se apresente ao grupo contando um pouco sobre você, seus interesses, e como você vê sua participação em atividades de preservação histórica de computadores e outros dispositivos eletrônicos
[2017-11-14 18:04:29] Yuri, advogado, cursando Engenharia Microeletrônica na Fatec, montando uma RepRap 3D quase concluindo, sei bastante coisa, trabalho com TI, quero um microscópio igual ao usado nesse vídeo (https://www.youtube.com/watch?v=-8nLuNJvvMY) até 2020, quero ajudar a indústria High-Tech do Brasil e criar um ecossistema e uma supply-chain PT-BR-HUE
[2017-11-14 18:19:05] o que é uma "supply-chain PT-BR-HUE" ??!!? :-P
[2017-11-14 18:20:52] Gente que produz os componentes
[2017-11-14 18:21:09] Pra gente não comprar componentes da Ásia na hora de montar
[2017-11-14 18:21:41] Criar um sistema brasileiro que cria e produz peças que não são produto final, mas parte de um produto final a ser montado.
[2017-11-14 18:22:13] Algo relevante para nossa independência no setor.
[2017-11-14 18:32:14] (explicando: eu só achei engraçado / esquisito o "HUE")
[2017-11-14 18:34:47] Ah, o HUE é conseguir fazer sem perder a alma no processo.
[2017-11-14 18:41:41] E qual é a do grupo? Tem encontros reais?
[2017-11-14 19:18:09] Douglas Esteves joined with an invite link
[2017-11-14 19:21:16] Olá, Douglas! Eu te conheço, mas talvez o resto do pessoal aqui não. Então gostqaria de pedir o que peço a todos que entram no grupo. Por favor se apresente, diga um pouco do que você faz, seus interesses, etc... E também como você acha que pode colaborar com os esforços de preservação da história da computação.
[2017-11-14 19:22:02] Alguns aqui se conhecem pessoalmente lá do Garoa Hacker Clube. E já rolou ao menos uma sessão de programação de emuladores no Garoa que foi combinada por aqui.
[2017-11-14 19:23:06] E a descrição geral do grupo está nessa mensagem :-)
[2017-11-14 19:35:26] photo: /home/felipe/devel/github_ArqueologiaDigital/Telegram_logs/media/Arqueologia_Digital_e_Preservação_Histórica_por_meio_da_Emulação_de_Dispositivos_Eletrônicos/download_804723310_68927.jpg
[2017-11-14 19:35:42] q louco achar pra baixar...
[2017-11-14 19:38:55] o glifo do "O" em "JOGOS" no primeiro livro da esquerda está grande demais
[2017-11-14 19:40:18] Gostei do O cortado na capa do meio. Remete ao zero cortado ironicamente usado para diferenciar um zero de uma letra O. E muito usado em fontes boas para programação, já que a troca de uma letra por um número é catastrófica em um código-fonte.
[2017-11-14 19:40:26] 😂 vdd. O olho d quem é especialista em fontes não falhs
[2017-11-14 19:45:40] document: /home/felipe/devel/github_ArqueologiaDigital/Telegram_logs/media/Arqueologia_Digital_e_Preservação_Histórica_por_meio_da_Emulação_de_Dispositivos_Eletrônicos/download_4926979833914720297.pdf
[2017-11-14 19:45:43] document: /home/felipe/devel/github_ArqueologiaDigital/Telegram_logs/media/Arqueologia_Digital_e_Preservação_Histórica_por_meio_da_Emulação_de_Dispositivos_Eletrônicos/download_4926979833914720298.pdf
[2017-11-14 19:47:15] @fsanches outro dia lembrei d falar pra vc desses 2 livros q eu tenho, originais. Não tenho scans deles. Comprei na adolescência. Mas acabei esquecendo.
[2017-11-14 19:50:32] [Letron] Esquema Z-80.pdf
[2017-11-14 19:50:37] document: /home/felipe/devel/github_ArqueologiaDigital/Telegram_logs/media/Arqueologia_Digital_e_Preservação_Histórica_por_meio_da_Emulação_de_Dispositivos_Eletrônicos/download_4926979833914720299.pdf
[2017-11-14 19:51:25] O livro do Z-80 vem com essa folha avulsa, com o esquema da "máquina", rss. 😁
[2017-11-14 19:54:02] pelo nome eu achei que fosse o "Construa seu próprio microcomputador Z80" do Steve Ciarcia
[2017-11-14 19:54:03] https://datassette.org/livros/diversos/construa-seu-proprio-microcomputador-z80
[2017-11-14 19:54:30] Bom eu sou o Douglas Esteves conheci o grupo na apresentação do Juca no ROADSEC, achei interessante e entrei para ler e aprender mais da historia, sou membro do Laboratório Hacker de Campinas (LHC), acho bem interessantes os materiais apresentados,  Acho que consigo ajudar com um pouco com pesquisas, por estar perto da Unicamp (caso tenha algo por lá).
[2017-11-14 19:54:46] Não esse é a versão tupiniquim. Esse do Ciarcia eu tenho uma cópia xerox
[2017-11-14 19:55:19] by the way... https://github.com/mamedev/mame/blob/master/src/mame/drivers/zapcomputer.cpp
[2017-11-14 19:56:01] momento "Aaaahhhh muleke !!!!"
[2017-11-14 19:56:48] Precisa ver a forma como ele sugere a montagem - uma placa de madeira, com os componentes soquetados e os soquetes colados na placa... toda a fiação em wire wrap soldado por baixo. Ele chama o projeto de "Micro-Galena"
[2017-11-14 19:57:18] afff
[2017-11-14 19:57:18] Tem autor, editora, ano de lançamento?
[2017-11-14 19:57:43] nossa, @fsanches vc emulou o ZAP!!
[2017-11-14 19:57:48] esse eu quero ver
[2017-11-14 19:58:01] ;-)
[2017-11-14 19:58:14] document: /home/felipe/devel/github_ArqueologiaDigital/Telegram_logs/media/Arqueologia_Digital_e_Preservação_Histórica_por_meio_da_Emulação_de_Dispositivos_Eletrônicos/download_328774854541050073.webp
[2017-11-14 19:58:14] Número de páginas.
[2017-11-14 19:58:28] http://cp500.com.br/cp500
[2017-11-14 19:58:53] uia! É pro CP500 !!!
[2017-11-14 19:59:27] o site sim, mas os livros são para vários micros nacionais da época.
[2017-11-14 19:59:55] Ah, achei que estivesse procurando ainda.
[2017-11-14 20:00:11] ah ok
[2017-11-14 20:00:38] se é em BASIC deve ser razoavelmente portável pra diversos computadores da época
[2017-11-14 20:00:49] com talvez alguma pequenas diferenças aqui e acolá
[2017-11-14 20:01:09] Ia indicar o https://datassette.org
Eles tem bastante coisa no torrent deles.
[2017-11-14 20:01:41] Mesmo no site tem grande conteúdo.
[2017-11-14 20:02:48] É sim, se vc pegar um deles, verá como as linhas são marcadas onde necessita de alterações para cada micro
[2017-11-14 20:04:35] legal !
[2017-11-14 20:05:02] yep! Nós gostamos bastante do Datassette :-D
[2017-11-14 20:05:35] Eu tinha um Torrent deles aqui baixado parcialmente e acabei deletando pra liberar espaço no HD apertado.
[2017-11-14 20:05:53] Seria ótimo se alguém pudesse subir uma cópia do Datassette no Internet Archive como backup
[2017-11-14 20:07:49] tipo uma cópia do site inteiro?
[2017-11-14 20:08:03] oh yeah!
[2017-11-14 20:08:27] Na minha cabeça, essa comunidade aqui se assemelha bastante aos objetios do "Archive Team"
[2017-11-14 20:08:33] https://web.archive.org/web/*/datassette.org
[2017-11-14 20:08:45] www.archiveteam.org/
[2017-11-14 20:10:13] hmmm... é... é bom ver que páginas do website estão sendo salvas pelo wayback machine. Mas seria legal o acervo de arquivos do Datassette fosse salvo como uma coleção do Archive
[2017-11-14 20:10:14] Viu isso aqui? https://web.archive.org/web/20170712152237/https://www.datassette.org/2016/01/16/o-cisne-brasileiro
[2017-11-14 20:10:40] um tempo atrás eu criei uma coleção no Archive chamada "MSDOS demoscene": https://archive.org/details/msdos_demoscene
[2017-11-14 20:11:04] Tá aí outro projeto que poderia ser atualizado por alguém algum dia
[2017-11-14 20:11:10] (talvez eu mesmo)
[2017-11-14 20:11:19] boa... vou escrever sobre isso no Fiozera
[2017-11-14 20:11:34] Ele inclusive cita vc
[2017-11-14 20:12:00] sim, eu vi hahaha
[2017-11-14 20:12:02] bem legal
[2017-11-14 20:12:43] Esse seu ZAP, eu preciso do monitor pra conseguir rodá-lo?
[2017-11-14 20:13:03] aquele software q tem no final do livro, pra vc digitar e gravar em EPROM?
[2017-11-14 20:14:31] pô... preciso escrever no Fiozera sobre esse também hahaha
[2017-11-14 20:14:38] eu digitei tudo aquilo e gerei uma ROM
[2017-11-14 20:14:46] e é a ROM que tá no MAME
[2017-11-14 20:17:13] https://www.emuparadise.me/M.A.M.E._-_Multiple_Arcade_Machine_Emulator_ROMs/ZAP_-_Z80_Applications_Processor/184962
[2017-11-14 20:17:14] photo: /home/felipe/devel/github_ArqueologiaDigital/Telegram_logs/media/Arqueologia_Digital_e_Preservação_Histórica_por_meio_da_Emulação_de_Dispositivos_Eletrônicos/download_804724488_68130.jpg
[2017-11-14 20:17:25] ah tá
[2017-11-14 20:18:20] sim, eu que fiz o upload dessa ROM, baseada na listagem do livro
[2017-11-14 20:23:32] https://www.modmypi.com/download/BuildYourOwnZ80.pdf
[2017-11-14 20:27:05] Sim, essa é a versão original em inglês. Eu tinha mandado um link pruma cópia do PDF da versão em português hospedada no datassette
[2017-11-14 20:28:56] photo: /home/felipe/devel/github_ArqueologiaDigital/Telegram_logs/media/Arqueologia_Digital_e_Preservação_Histórica_por_meio_da_Emulação_de_Dispositivos_Eletrônicos/download_804723828_69233.jpg
[2017-11-14 20:29:09] yep!
[2017-11-14 20:29:15] muito legal :-)
[2017-11-14 20:29:24] esse driver aí é mais um que merece um carinho
[2017-11-14 20:29:29] só falta descobrir como usar as teclas
[2017-11-14 20:29:33] se alguém quiser ler o livro e ver o que falta nele
[2017-11-14 20:29:44] ah é, vi q falta implementar algumas coisas
[2017-11-14 20:30:05] bom, o pdf eu já achei
[2017-11-14 20:31:07] duas dicas: (1) ler o código fonte - tem comentários lá que eu escrevi explicando como se usa. (2) no menu do MAME, acessível pela tecla TAB, tem a opção "Input (this machine)" que descreve as teclas mapeadas no driver atual
[2017-11-14 20:32:05] Esse é também outro candidato para aquela abordagem "wizard" para guiar os usuários do emulador explicando como a máquina opera e o que "dá pra fazer" nela
[2017-11-14 20:32:15] Eu já vi
[2017-11-14 20:32:41] no próprio .cpp está a definição
[2017-11-14 20:32:51] mas pra entender como usar, precisa ler o livro
[2017-11-14 20:32:55] sim sim..
[2017-11-14 20:33:20] mas pelo menos a descrição das teclas você já tem disponível em runtime também
[2017-11-14 20:33:32] pelo menu "input (this machine)"
[2017-11-14 20:33:38] sim
[2017-11-14 20:35:04] Engraçado, eu me lembro q na edição brasileira eles chamavam o micro de PAZ
[2017-11-14 20:35:16] Processador de Aplicações Z80
[2017-11-14 20:35:48] Eu estava até agora pouco apanhando ainda com o código do driver do TRS80
[2017-11-14 20:36:04] PAZ e ZAP...
[2017-11-14 20:36:10] eu tinha reparado nisso também ;-)
[2017-11-14 20:36:18] 😊
[2017-11-14 21:17:44] OK. Confirmado. Mutirão de organização do acervo não exposto lá na USP amanhã a partir das 13h
[2017-11-14 21:18:02] blz
[2017-11-14 21:18:14] e junto devemos tentar gravar um episódio para o Happy Hacking Video Blog
[2017-11-14 21:18:19] com o Daniel Quadros
[2017-11-14 21:18:30] ele vai lá amanhã tbm?
[2017-11-14 21:18:44] sim
[2017-11-14 21:18:48] eba!!
[2017-11-14 21:19:15] onde é o ponto de encontro?
[2017-11-14 21:19:57] Felipe "Juca" Sanches added DQ
[2017-11-14 21:20:18] O DQ não fazia parte desse grupo? 😱
[2017-11-14 21:21:13] DQ, eu já te conheço, e nitidamente algumas outras pessoas aqui também. Mas por bom costume, eu peço a todos novos membros do grupo que se apresentem, dizendo um pouco do que faz, o que gosta, etc. E também como acha que pode ajudar no resgate histórico da computação no Brasil.
[2017-11-14 21:21:39] Eu lia sempre o blog dele. Até algumas vezes trocamos idéias através dos comentários
[2017-11-14 21:21:58] Não, não... o DQ é café com leite, @fsanches ... rss
[2017-11-14 21:22:19] ele não precisa de introduções. Basta postar o link do blog... rss
[2017-11-14 21:23:03] Amanhã iremos à USP com 2 objetivos: (1) gravar um episódio do Happy Hacking Video Blog com participaãço especial do DQ. Vamos conversar sobre os terminais da Scopus, sobre a participação do DQ no desenvolvimento de firmware, e, em particular, vamos analisar o design de hardware de um dos terminais da Scopus que temos lá no acervo não exposto na USP: um LEPUS 200
[2017-11-14 21:23:04] Eu assisti uma vez a uma palestra sobre programação de dispositivos microcontrolados q ele deu em um encontro de programadores C/C++
[2017-11-14 21:24:21] o segundo objetico é (2) organizar o acervo não exposto, para abrir espaço para colocarmos uma mesa com equipamentos de lab de eletrônica de modo que possamos usar o espaço para restauração dos items para fusuta exposição no acervo e também para sua devida emulação junto ao projeto MAME
[2017-11-14 21:24:23] Eu sugiro tbm darmos uma levantada no circuito do teclado do Sagitta
[2017-11-14 21:24:33] pode ser
[2017-11-14 21:24:34] se tiver tempo
[2017-11-14 21:24:55] Saudações a todos!
[2017-11-14 21:25:02] eu costumo dizer que é bom sempre ter 2 ou mais objetivos para conseguir cumprir ao menos um e sair feliz ao fim do dia
[2017-11-14 21:25:04] Saudações DQ!!
[2017-11-14 21:25:18] Happy Hacking ! ;-)
[2017-11-14 21:25:54] Com todo o respeito, mas se o tema do grupo é "arqueologia digital" o DQ é o nosso fóssil hahahaha
[2017-11-14 21:26:02] Do Sagitta eu manjo muito pouco... Estou tentando entrar em contato com um dos projetistas do hardware do Lepus, mas faz alguns anos que não falo com ele.
[2017-11-14 21:26:11] Não, ele é o Indiana Jones!!
[2017-11-14 21:26:19] kkk
[2017-11-14 21:26:42] Não... tá mais pra múmia. O Indiana Jones é quem estuda as múmias.
[2017-11-14 21:26:46] rsss
[2017-11-14 21:27:10] com todo respeito LOL
[2017-11-14 21:27:47] Provavelmente o Sagitta usa teclas indutivas. Acho que o Lepus foi o primeiro terminal da Scopus a usar teclas de contato.
[2017-11-14 21:28:07] Bom... amanhã o professor Fernando Redigolo vai estar lá na Poli e nos espera a partir das 13h.
[2017-11-14 21:28:18] podemor todos nós irmos direto pra lá
[2017-11-14 21:28:20] O ponto focal no sagitta é entender a varredura e o mapeamento das teclas
[2017-11-14 21:28:32] ou podemos nos encontrar no Garoa de manhã e depois irmos juntos
[2017-11-14 21:28:56] sim, pode ser de um jeito ou de outro. Se for do primeiro, eu preciso saber onde exatamente temos q ir.
[2017-11-14 21:28:59] ou podemos nos encontrar ao meio dia no Garoa se acharem que de manhã é cedo demais
[2017-11-14 21:29:09] Por mim está bom
[2017-11-14 21:29:15] Para mim é mais fácil ir direto. Em qual prédio da Poli?
[2017-11-14 21:29:18] Garoa parece ser mais seguro. Algum de nós tem carro? (eu não)
[2017-11-14 21:29:29] LASSU
[2017-11-14 21:29:30] nem eu
[2017-11-14 21:29:40] http://www.lassu.usp.br/localizacao/
[2017-11-14 21:29:46] É q o DQ mora em Osasco se não me engano
[2017-11-14 21:30:01] É mais perto ir à USP direto do q ao garoa
[2017-11-14 21:30:10] stalker.... hahahah
[2017-11-14 21:30:23] Não, eu me lembro de alguns posts dele
[2017-11-14 21:30:32] "ah ok"
[2017-11-14 21:30:34] rss
[2017-11-14 21:30:53] A Scopus era em Osasco
[2017-11-14 21:31:00] não é stalker. Só é fã.
[2017-11-14 21:31:03] rsss
[2017-11-14 21:31:18] lembrando que fã == fanático
[2017-11-14 21:31:23] fanboy
[2017-11-14 21:31:56] Eu lia frequentemente o blog do DQ em 2006/2007
[2017-11-14 21:32:29] E foi nessa época mais ou menos, q eu assisti à palestra no encontro
[2017-11-14 21:33:28] DQ... dá sua introdução inicial ao grupo aí :-)
[2017-11-14 21:33:46] Nem todo mundo aqui te conhece como eu o o Werner :-)
[2017-11-14 21:36:34] Vamos lá... Sou Engenheiro Eletrônico mas sempre trabalhei mais com software que com hardware. Me formei em 81 e acho que foi a última turma a usar cartões perfurados até o último ano (no ano seguinte a USP comprou um monte de Sagittas 180 para os alunos trabalharem "online")
[2017-11-14 21:39:08] Trabalhei de 81 a 86 na Scopus, mexendo com firmware para terminais de vídeo e BIOS e SO para micro compatível PC (durante o estágio eu escrevi um utilitário para micro CP/M). Exceto pelo SO, resto foi em Assembler. Daí surgiu o livro "PC Assembler"
[2017-11-14 21:40:05] De 86 a 93 trabalhei na Humana Informática, que desenvolvia software de comunicação para PC. Muito C e um tanto de Assembler
[2017-11-14 21:41:01] De 93 a 2002 trabalhei na Seal Eletrônica com coletores de dados. Um pouco menos de programação, tudo em C.
[2017-11-14 21:42:08] Desde o final de 2002 sou sócio em uma empresa de software (principalmente para coletores de dados, mas já rolou uns projetos de embarcados mais raiz).
[2017-11-14 21:43:33] Desde 2005 eu escrevo no meu blog (https://dqsoft.blogspot.com). Nesta época eu retomei o hobbismo com eletrônica, principalmente microcontroladores.
[2017-11-14 21:43:40] nada nutella, né? hahaha
[2017-11-14 21:43:44] boa DQ
[2017-11-14 21:43:49] Pretensão salarial?
[2017-11-14 21:43:50] rsss
[2017-11-14 21:43:59] tá contratado!!
[2017-11-14 21:45:05] Eu curtia muito ler o blog, tem assuntos variados. Livros e filmes, além de pitacos e curiosidades. DQ vc nem mencionou dos desafios Google dos quais já participou, das palestras, etc
[2017-11-14 21:45:09] 😊
[2017-11-14 21:45:37] Felipe "Juca" Sanches added Hugo B
[2017-11-14 21:46:10] Hugo, eu já te conheço, e nitidamente algumas outras pessoas aqui também. Mas por bom costume, eu peço a todos novos membros do grupo que se apresentem, dizendo um pouco do que faz, o que gosta, etc. E também como acha que pode ajudar no resgate histórico da computação no Brasil.
[2017-11-14 21:47:50] Mais ou menos na mesma época do início do blog eu fui no 1° Encontro de Programadores C & C++ do Brasil. Lá conheci o Aleph, que anos depois me convidou para uma reunião na Poli e acabei sendo um dos fundadores do Garoa.
[2017-11-14 21:48:17] @DQuadros, um filme q eu me lembro de ter conhecido e assistido depois de ler o seu comentário, foi "O Enigma de Andrômeda".
[2017-11-14 22:10:21] @fsanches vc quer marcar de nos encontrarmos vc e eu no Garoa?
[2017-11-14 22:10:32] já q vc mora ali perto?
[2017-11-14 22:10:45] e daí podemos ir juntos à USP?
[2017-11-14 23:24:25] pode ser, sim
[2017-11-14 23:27:24] faz assim... me encontra na estação Fradique Coutinho do metrô.
[2017-11-14 23:27:50] detalhes em chat privado
