[2018-03-09 09:21:16] Como tão as coisas aí no museu da usp, Affonso  ?
[2018-03-09 09:21:59] Opa, daorinhas
[2018-03-09 09:22:18] Eu n to falando muito pq voltaram as aulas e o sofrimento ta real
[2018-03-09 09:22:43] Mas eu resolvi o problema do monitor do mac color classic
[2018-03-09 09:22:49] haha, verdade, faz sentido
[2018-03-09 09:22:55] ah legal!
[2018-03-09 09:22:57] Mas n ta bootando ainda
[2018-03-09 09:23:12] Fica numa tela branca esperando disquete
[2018-03-09 09:23:58] Fora isso tinha uma workstation daorinha da Dell que eu tava dando uma mechida tbem
[2018-03-09 09:24:26] Eu tenho uma caixa contendo o NetWare, da Novell (disquetes de instalação e livros de manuais de instalação, operação, manutenção, etc)
[2018-03-09 09:24:34] Tá encostado aqui em casa
[2018-03-09 09:24:39] eu gostaria de dar um fim mais nobre
[2018-03-09 09:24:50] interessa para expor de alguma forma aí no museu?
[2018-03-09 09:25:35] É um conjunto de itens. Seria bom não ser desmantelado
[2018-03-09 09:25:43] o ideal seria manter tudo junto
[2018-03-09 09:26:08] mas uma caixa encostada aqui em casa pegando poeira não cumpre função nenhuma
[2018-03-09 09:27:36] Bom, ja tem aquele os/2 na caixa aqui
[2018-03-09 09:28:09] Uma demonstraçao de software seria legal eventualmente
[2018-03-09 09:29:12] Tem os cassettes de msx tbem na caixinha
[2018-03-09 09:29:35] Da pra fazer uma evoluçao da distribuicao de software, com hoje em dia sendo tudo digital
[2018-03-09 19:51:01] Nem me fale. Estamos às voltas com instalar um dos softwares que a empresa vende que só vem em... DVDs. 

Tem que montar o ISO pra instalar nas instâncias de nuvem...
[2018-03-09 23:49:08] Boa noite, MICRO80 no ar!

https://www.youtube.com/watch?v=9XFuaD7Yt5A
