[2018-01-12 18:56:39] Tenho uma coisa legal pra mostrar
[2018-01-12 18:56:39] N sei se ja te falarm
[2018-01-12 18:56:39] photo: /home/felipe/devel/github_ArqueologiaDigital/Telegram_logs/media/Arqueologia_Digital_e_Preservação_Histórica_por_meio_da_Emulação_de_Dispositivos_Eletrônicos/download_805512001_75579.jpg
[2018-01-12 18:56:39] Cheguei hoje e tava em cima da minha mesa
[2018-01-12 18:56:39] photo: /home/felipe/devel/github_ArqueologiaDigital/Telegram_logs/media/Arqueologia_Digital_e_Preservação_Histórica_por_meio_da_Emulação_de_Dispositivos_Eletrônicos/download_806119525_24069.jpg
[2018-01-12 18:56:39] photo: /home/felipe/devel/github_ArqueologiaDigital/Telegram_logs/media/Arqueologia_Digital_e_Preservação_Histórica_por_meio_da_Emulação_de_Dispositivos_Eletrônicos/download_806122835_24323.jpg
[2018-01-12 18:56:39] photo: /home/felipe/devel/github_ArqueologiaDigital/Telegram_logs/media/Arqueologia_Digital_e_Preservação_Histórica_por_meio_da_Emulação_de_Dispositivos_Eletrônicos/download_804722161_114131.jpg
[2018-01-12 18:56:39] Teletype, mais um lepus 200, e mais um otro term da scopus
[2018-01-12 18:56:39] photo: /home/felipe/devel/github_ArqueologiaDigital/Telegram_logs/media/Arqueologia_Digital_e_Preservação_Histórica_por_meio_da_Emulação_de_Dispositivos_Eletrônicos/download_805513500_76858.jpg
[2018-01-12 18:56:39] E um analisador de logica
[2018-01-12 18:56:39] UAU!!!!
[2018-01-12 18:58:23] Preciso botar essa teletype pra funcionar!!!! Talvez usar ela para ler fitas perfuradas do Patinho Feio. Ou talvez interfacear a réplica do painel frontal do Patinho Feio nela para auxiliar na emulação. Fazer algo híbrido onde o computador é emulado mas o periférico é real.
[2018-01-12 18:59:40] E eu pretendo fazer o dump das ROMs desse lepus 200 pra ver se é uma versão diferente do firmware, ou confirmar que é igual às ROMs do outro que a gente já fez o dump.
[2018-01-12 19:00:54] Fazer esse teletype rodar vai ser maneiro
[2018-01-12 19:01:16] photo: /home/felipe/devel/github_ArqueologiaDigital/Telegram_logs/media/Arqueologia_Digital_e_Preservação_Histórica_por_meio_da_Emulação_de_Dispositivos_Eletrônicos/download_805514754_75741.jpg
[2018-01-12 19:01:42] photo: /home/felipe/devel/github_ArqueologiaDigital/Telegram_logs/media/Arqueologia_Digital_e_Preservação_Histórica_por_meio_da_Emulação_de_Dispositivos_Eletrônicos/download_804724043_112590.jpg
[2018-01-12 19:02:11] E esse é o teclado com protocolo proprietário via interface serial ?
[2018-01-12 19:02:31] Acredito que sim
[2018-01-12 19:02:36] document: /home/felipe/devel/github_ArqueologiaDigital/Telegram_logs/media/Arqueologia_Digital_e_Preservação_Histórica_por_meio_da_Emulação_de_Dispositivos_Eletrônicos/download_5100504243614253132.jpeg
[2018-01-12 19:03:06] Tem um 7 colado nele, e tem um 7 colado no gabinete
[2018-01-12 19:03:15] Imagino que eles sejam de um conjunto
[2018-01-12 19:03:26] (O monitor tem um 6)
[2018-01-12 19:04:08] photo: /home/felipe/devel/github_ArqueologiaDigital/Telegram_logs/media/Arqueologia_Digital_e_Preservação_Histórica_por_meio_da_Emulação_de_Dispositivos_Eletrônicos/download_804723342_113574.jpg
[2018-01-12 19:04:20] Veja que tem uma etiqueta meio rasgada escrito "L.S.D." que é o Laboratório de Sistemas Digitais da Poli. Acho que tem uma boa chance dessa teletype ter sido usada no próprio Patinho Feio naquela época. Ou talvez no HP2116B ou no IBM1130, que eram os computadores que tinha na Poli.
[2018-01-12 19:04:36] photo: /home/felipe/devel/github_ArqueologiaDigital/Telegram_logs/media/Arqueologia_Digital_e_Preservação_Histórica_por_meio_da_Emulação_de_Dispositivos_Eletrônicos/download_804729007_87815.jpg
[2018-01-12 19:06:04] Etcha, sai melhor na foto do que na vida real
[2018-01-12 19:06:36] Ta aí, vo deixar ele quieto, quando ce vier pra a gente da uma olhada
[2018-01-12 19:23:30] No meu tempo tinha uma teletype no laboratório de eletrônica
[2018-01-12 19:55:44] photo: /home/felipe/devel/github_ArqueologiaDigital/Telegram_logs/media/Arqueologia_Digital_e_Preservação_Histórica_por_meio_da_Emulação_de_Dispositivos_Eletrônicos/download_805513946_76359.jpg
[2018-01-12 20:24:47] Eita, que legal, parece ser um modelo bem parecido
[2018-01-12 20:50:39] Quando ce terminar de dumpar tudo, traz a placa pra gente dar uma olhada no que nem naquele hd
[2018-01-12 20:50:40] E tem um otro hd com a mesma pinagem
[2018-01-12 20:50:40] Se a gente conseguir fazer aquele pc rodar, talvez de pra ler os dois
[2018-01-12 20:50:40] Você acha que esse teclado Scopus é o que tem interface serial como o DQ falou?
[2018-01-12 20:50:40] esse aqui
[2018-01-12 20:50:40] Tenho certeza
[2018-01-12 20:50:40] Digo, quase certeza
[2018-01-12 20:50:40] Tem um 7 colado nele e no gabinete
[2018-01-12 20:50:40] Imagino que eles façam parte de um conjunto, junto com um monitor 7 tbem
[2018-01-12 20:50:40] Legal! Semana que vem eu levo aí a placa então. Suponho que deve ter uma CPU com ROM + UART dentro do teclado também pra poder implementar a comunicação serial correto, DQ ?
[2018-01-12 20:50:40] A gente da uma olhada
[2018-01-12 20:51:03] Eu n abri ainda
[2018-01-12 20:51:41] Tem tudo pra estar cetto
[2018-01-12 20:53:18] O formato dele parece muito com os do pc/xt
[2018-01-12 20:53:27] Com as teclas de funcao do lado
[2018-01-12 20:53:39] Entao a epoca pelo menos parece bater
[2018-01-12 20:54:08] Mas pra ter certeza, a gente abre e ve o interior
[2018-01-12 21:01:19] Ahh, e chegaram mais duas caixinhas de disquete 8", tem umas coisas legais la, esqueci de tirar foto, segunda eu tiro
[2018-01-12 21:10:07] eba!
[2018-01-12 21:11:24] Mas a gente precisa achar um computador pra ligar aquele drive de 8" pra ler esses discos
[2018-01-12 21:11:40] Ce acha que o nexus serviria pra isso?
[2018-01-12 21:12:19] difícil por que não temos uma forma de se comunicar com o mundo externo
[2018-01-12 21:12:33] mas podemos pensar melhor nisso, tentar achar um caminho
[2018-01-12 21:13:52] Sure, primeiro, vamos ver o teclado
[2018-01-12 21:34:42] Tem um microcontrolador parente do 8251.
[2018-01-12 21:35:02] Não lembro dos detalhes.
[2018-01-12 21:38:22] legal
