[2018-01-18 15:31:59] Achei isso aqui la no meio do deposito
[2018-01-18 15:32:20] Tem o logo da scopus
[2018-01-18 15:32:37] photo: /home/felipe/devel/github_ArqueologiaDigital/Telegram_logs/media/Arqueologia_Digital_e_Preservação_Histórica_por_meio_da_Emulação_de_Dispositivos_Eletrônicos/download_806124672_27029.jpg
[2018-01-18 15:32:41] photo: /home/felipe/devel/github_ArqueologiaDigital/Telegram_logs/media/Arqueologia_Digital_e_Preservação_Histórica_por_meio_da_Emulação_de_Dispositivos_Eletrônicos/download_804724873_116002.jpg
[2018-01-18 15:32:54] photo: /home/felipe/devel/github_ArqueologiaDigital/Telegram_logs/media/Arqueologia_Digital_e_Preservação_Histórica_por_meio_da_Emulação_de_Dispositivos_Eletrônicos/download_806119171_27492.jpg
[2018-01-18 15:33:05] Parece ser alguma coisa relacionada a impressoras
[2018-01-18 15:39:56] I/F = interface
[2018-01-18 15:40:10] Spectrum é uma empresa filha da Scopus
[2018-01-18 15:40:21] e faziam o Spectrum ED, um clone de Apple 2
[2018-01-18 15:41:33] O Stephan Kovach, projetista da CPU dos computadores da linhas Cobra 500, foi sócio da Spectrum, junto com o Edson Fregni e os outros 2 sócios da Scopus.
[2018-01-18 15:41:58] Conversei com o Stephan Kovach semana passada aí na lanchanote da engenharia elétrica da Poli
[2018-01-18 16:03:02] De um modo geral Spectrum e Scopus trabalhavam de forma independente. Teve um curto período em que se falou num projeto conjunto, mas acabou abortado.
[2018-01-18 16:07:36] O Spectrum ED (se não estou confundindo) foi o último modelo, antes teve o MicroEngenho.
[2018-01-18 16:08:20] foram só esses dois modelos ?
[2018-01-18 16:08:26] tenho a impressão de que teve mais coisa
[2018-01-18 16:09:06] tem um Spectrum ED na Poli, lá no centro de reciclagem de eletrônicos. Ia pro lixo mas o pessoal resgatou para preservar.
[2018-01-18 16:09:16] Estes são os que eu me lembro. Procurando na internet vi um MicroEngenho 2, que era um Apple com gabinete tipo PC
[2018-01-18 16:12:34] Eu tenho dois clones de Apple (Unitron e TK3000) que faz um bom tempo que não ligo. Falta tempo.
[2018-01-18 16:32:09] photo: /home/felipe/devel/github_ArqueologiaDigital/Telegram_logs/media/Arqueologia_Digital_e_Preservação_Histórica_por_meio_da_Emulação_de_Dispositivos_Eletrônicos/download_806122379_26751.jpg
[2018-01-18 16:32:29] Ainda n tentei ligar
[2018-01-18 16:32:32] Ta na lista
[2018-01-18 16:48:44] Legal que tem o Floppy. Tenho ainda muitos discos de Apple.
