[2017-11-30 01:04:38] Olha as tretas... https://github.com/mamedev/mame/issues/2868
[2017-11-30 01:08:00] heita
[2017-11-30 01:08:20] Só pq o cuavas fala 8 idiomas... português do Brasil está entre eles?
[2017-11-30 01:08:55] Eu não tiro a razão do katananja... ele defende pontos corretos, emho.
[2017-11-30 01:10:59] eu já estive em uma discussão anterior com esse mesmo cara sobre traduções. Ele tem se comportado muito mal em relação a isso. Várias vezes ficou irritado como se vê nesse caso aí.
[2017-11-30 01:11:15] É um cara difícil de lidar, pelo que percebi até agora...
[2017-11-30 01:12:13] O katananja ou o cuavas?
[2017-11-30 01:55:05] Hahaha...
 Eu tava me referindo ao katananja
[2017-11-30 01:55:26] Então tá. 😂
[2017-11-30 01:55:55] Tem gente q infelizmente, a gente tem q ignorar.
[2017-11-30 01:56:09] Mas ja tive algum desentendimento inicial com o Cuavas tambem, logo no começo das minhas contribuições ao MAME
[2017-11-30 01:56:27] É, vc falou pra mim isso.
[2017-11-30 01:56:35] Depois peguei o jeito de conversar com ele
[2017-11-30 01:56:40] Diz q o cuavas tbm é genioso
[2017-11-30 01:56:54] E agora nos damos bem
[2017-11-30 01:57:36] Hora de ir dormir agora. Té mais !
[2017-11-30 01:57:51] Ele não é cabeção pelo visto. Às vezes é o jeito da pessoa, até ele te conhecer melhor.
[2017-11-30 01:58:17] Falow
[2017-11-30 01:59:01] Falou!
[2017-11-30 01:59:10] photo: /home/felipe/devel/github_ArqueologiaDigital/Telegram_logs/media/Arqueologia_Digital_e_Preservação_Histórica_por_meio_da_Emulação_de_Dispositivos_Eletrônicos/download_805512389_53261.jpg
[2017-11-30 01:59:33] Niooossaaaa q legaaaaaaal
[2017-11-30 01:59:51] Eu queroo
[2017-11-30 01:59:55] (Decoração aqui em casa)
[2017-11-30 02:00:30] Fui!
[2017-11-30 02:00:44] 👍🏻
[2017-11-30 15:51:22] Coloca um sensor de movimento que toca o score do jogo quando ativado
Ou que fala Seeeegaaaaa
[2017-11-30 15:52:02] Minha esposa me mata. Isso aí fica bem no corredor. A gente passa em frente o tempo todo.
[2017-11-30 15:52:02] Eu queria mto saber do @fsanches como ele fez pra ter isso na casa dele...
[2017-11-30 15:52:16] comprei no eBay, uns 8 anos atrás
[2017-11-30 15:52:25] e mandei emoldurar ano passado
[2017-11-30 15:52:28] já emoldurado e td?
[2017-11-30 15:52:29] ah tah
[2017-11-30 15:54:18] ah, nem foi tanto tempo atrás assim. Foi só 5 anos atrás, verifiquei aqui
[2017-11-30 15:54:24] photo: /home/felipe/devel/github_ArqueologiaDigital/Telegram_logs/media/Arqueologia_Digital_e_Preservação_Histórica_por_meio_da_Emulação_de_Dispositivos_Eletrônicos/download_804725696_84110.jpg
[2017-11-30 15:54:31] photo: /home/felipe/devel/github_ArqueologiaDigital/Telegram_logs/media/Arqueologia_Digital_e_Preservação_Histórica_por_meio_da_Emulação_de_Dispositivos_Eletrônicos/download_805514321_53014.jpg
[2017-11-30 15:56:03] Quando emoldurei eu encomendei a moldura "box" pra ter espaço suficiente pra passar uma fita led por trás e fazer pisca-pisca
[2017-11-30 15:56:11] mas nunca instalei a fita de fato
[2017-11-30 15:56:40] por que não tem nenhuma tomada próxima ao quadro, aí ia ficar feio
[2017-11-30 15:58:47] Ahahahahah vc comprou um Marquee de maquina arcade upright!! QDHR!!
[2017-11-30 15:59:17] Só falta o resto da máquina :-P
[2017-11-30 15:59:33] Faz sentido, vc podia comprar um desses kits q vem com fita de LEDs RGB e o controladorzinho, mais controle remoto
[2017-11-30 15:59:45] Vou ser sincero, eu sonho em ter um gabinete JAMMA dessa máquina...
[2017-11-30 15:59:52] Fica aparecendo a luz por detrás, verdadeira penteadeira de p***
[2017-11-30 16:00:04] já cheguei a ver preços, mas é uma máqiuna muito famosa, caro demais...
[2017-11-30 16:00:04] Da moonwalker especificamente?
[2017-11-30 16:00:34] sim, moonwalker upright pra 3 jogadores
[2017-11-30 16:00:55] Se vc é "preciosista" quanto a ter o hardware original (falta de uma palavra melhor, sorry)... pq senão... vc sabe - um RPi um monitor, comandos zero delay, ya know...
[2017-11-30 16:01:02] Com o Michael Jackson de roupas Vermelha, Preta e Branca.
[2017-11-30 16:01:10] sim sim
[2017-11-30 16:01:40] Eu me lembro até hoje como essa máquina marcava presença nos arcades de 1992/93
[2017-11-30 16:01:50] O custo seria só pra fabricar o gabinete... o resto... RetroPie takes care
[2017-11-30 16:01:52] aquele som "WOOOOONNNNNNN"
[2017-11-30 16:02:02] ÚÚÚÚÚ!!
[2017-11-30 16:02:04] rsss
[2017-11-30 16:02:18] a-tcha... úúúú!!
[2017-11-30 16:02:37] e a musiquinha smooth criminal tocando
[2017-11-30 16:03:45] https://www.youtube.com/watch?v=K2wTy4J8Kg8
[2017-11-30 16:06:08] Lembro qdo coloquei o cartucho do MD pra jogar pela primeira vez... td igual ao arcade, os gráficos, o som... 😄
[2017-11-30 16:08:41] na verdade o cartucho de megadrive é um jogo completamente diferente... Eu ganhei dos meus pais o moonwalker e o galaxy force 2 de megadrive por causa das versóes equivalentes de arcade
[2017-11-30 16:28:10] A parte mais legal é que ele sai em busca das criancinhas...
