[2018-04-12 00:09:29] Affonso eu posso ajudar amanhã
[2018-04-12 00:09:55] Já tenho bastante experiência nisso
[2018-04-12 00:11:16] Tenho muito tempo desaparecido... Ne?
[2018-04-12 00:11:54] @fsanches quando é essa party?
[2018-04-12 00:12:41] 21 a 23 de setembro de 2018
[2018-04-12 00:12:55] Opa, talvez possa ir!!!
[2018-04-12 00:13:44] Hoje foi um dia horrível,estou precisando programar e não pensar no mundo real
[2018-04-12 00:13:52] os organizadores da FlashParty são do grupo PVM. Eles mandaram uma demo pra gente ano passado na Garoa Demo Party 2017
[2018-04-12 00:13:53] https://garoa.net.br/wiki/Garoa_Demo_Party_2017
[2018-04-12 00:14:03] https://www.youtube.com/watch?v=fzAirWD7cjI
[2018-04-12 02:56:56] Que legal esse demo
[2018-04-12 12:19:16] IMPORTANT NOTE: the compiled NNANSI.COM is intended for 80286 or later     systems with "AT" style (12 function key) keyboards and VGA displays. You      will need to recompile on systems that don't meet this requirement.
[2018-04-12 12:20:03] Fontes do NNANSI: http://www.kegel.com/nansi/ http://www.kegel.com/nansi/nnansi3.3/nnans193.zip
[2018-04-12 12:20:11] Well, that explains it
[2018-04-12 13:37:50] cool driver!
[2018-04-12 13:38:10] I didn't know about that one
[2018-04-12 13:39:35] it would be nice to implement a x86-16 backend for gcc and llvm
[2018-04-12 13:39:52] I am guessing LLVM should be easy
[2018-04-12 13:40:03] GCC was impossible, I tried, too much to fix
[2018-04-12 13:41:08] e eu não sei porquê estou escrevendo em inglês XD
[2018-04-12 13:41:15] hahah
[2018-04-12 13:41:29] eu tava pensando nisso também...
[2018-04-12 13:41:50] vai ver o cérebro deu tilt
[2018-04-12 13:42:23] XD
