[2018-01-10 00:38:29] to aqui fazendo 33 remendos na placa...
[2018-01-10 02:41:17] photo: /home/felipe/devel/github_ArqueologiaDigital/Telegram_logs/media/Arqueologia_Digital_e_Preservação_Histórica_por_meio_da_Emulação_de_Dispositivos_Eletrônicos/download_805513918_74143.jpg
[2018-01-10 02:41:48] Está funcionando :-D
[2018-01-10 10:41:10] photo: /home/felipe/devel/github_ArqueologiaDigital/Telegram_logs/media/Arqueologia_Digital_e_Preservação_Histórica_por_meio_da_Emulação_de_Dispositivos_Eletrônicos/download_804724435_110826.jpg
[2018-01-10 10:52:19] Muito bom!
[2018-01-10 10:53:01] Vou retomar as atividades para entrevistas semana que vem. Juca, você pode me passar os contatos que já tem?
[2018-01-10 10:53:05] Acabei de explicar essa gambiarra lá no Fórum Fiozera. Isso aí foi remendo pra erro de layout na pcb
[2018-01-10 10:53:26] Claro!
[2018-01-10 10:54:13] Vou escrever um modelo de e-mail e, toda vez que enviar para alguém, te coloco em cópia
[2018-01-10 10:54:44] Já que você está liderando o projeto e já publicou bastante coisa, isso adiciona credibilidade
[2018-01-10 10:54:57] Vou linkar suas publicações, também
[2018-01-10 10:58:33] Alguns nomes são: Edson Fregni, João José Neto, Edith Ranzini, Selma Melnikoff, Sidnei Colombo, Maria Alice Grigas Varella Ferreira, Wilson Ruggiero, Stephan Kovacs, Guido Stolfi, Antonio Marcos de Aguirra Massola, Hélio Guerra
[2018-01-10 11:00:20] photo: /home/felipe/devel/github_ArqueologiaDigital/Telegram_logs/media/Arqueologia_Digital_e_Preservação_Histórica_por_meio_da_Emulação_de_Dispositivos_Eletrônicos/download_806121355_23252.jpg
[2018-01-10 20:19:48] photo: /home/felipe/devel/github_ArqueologiaDigital/Telegram_logs/media/Arqueologia_Digital_e_Preservação_Histórica_por_meio_da_Emulação_de_Dispositivos_Eletrônicos/download_804728640_88222.jpg
[2018-01-10 20:19:48] photo: /home/felipe/devel/github_ArqueologiaDigital/Telegram_logs/media/Arqueologia_Digital_e_Preservação_Histórica_por_meio_da_Emulação_de_Dispositivos_Eletrônicos/download_804727941_88029.jpg
[2018-01-10 20:19:48] photo: /home/felipe/devel/github_ArqueologiaDigital/Telegram_logs/media/Arqueologia_Digital_e_Preservação_Histórica_por_meio_da_Emulação_de_Dispositivos_Eletrônicos/download_804728215_88127.jpg
[2018-01-10 20:19:48] photo: /home/felipe/devel/github_ArqueologiaDigital/Telegram_logs/media/Arqueologia_Digital_e_Preservação_Histórica_por_meio_da_Emulação_de_Dispositivos_Eletrônicos/download_804729061_87696.jpg
[2018-01-10 20:19:48] photo: /home/felipe/devel/github_ArqueologiaDigital/Telegram_logs/media/Arqueologia_Digital_e_Preservação_Histórica_por_meio_da_Emulação_de_Dispositivos_Eletrônicos/download_806124968_23047.jpg
[2018-01-10 20:19:48] photo: /home/felipe/devel/github_ArqueologiaDigital/Telegram_logs/media/Arqueologia_Digital_e_Preservação_Histórica_por_meio_da_Emulação_de_Dispositivos_Eletrônicos/download_806120034_23251.jpg
[2018-01-10 20:19:48] photo: /home/felipe/devel/github_ArqueologiaDigital/Telegram_logs/media/Arqueologia_Digital_e_Preservação_Histórica_por_meio_da_Emulação_de_Dispositivos_Eletrônicos/download_804727548_87705.jpg
[2018-01-10 20:19:48] photo: /home/felipe/devel/github_ArqueologiaDigital/Telegram_logs/media/Arqueologia_Digital_e_Preservação_Histórica_por_meio_da_Emulação_de_Dispositivos_Eletrônicos/download_806119269_22648.jpg
[2018-01-10 20:19:48] photo: /home/felipe/devel/github_ArqueologiaDigital/Telegram_logs/media/Arqueologia_Digital_e_Preservação_Histórica_por_meio_da_Emulação_de_Dispositivos_Eletrônicos/download_804727310_90414.jpg
[2018-01-10 20:19:48] photo: /home/felipe/devel/github_ArqueologiaDigital/Telegram_logs/media/Arqueologia_Digital_e_Preservação_Histórica_por_meio_da_Emulação_de_Dispositivos_Eletrônicos/download_804726336_88676.jpg
[2018-01-10 20:19:53] photo: /home/felipe/devel/github_ArqueologiaDigital/Telegram_logs/media/Arqueologia_Digital_e_Preservação_Histórica_por_meio_da_Emulação_de_Dispositivos_Eletrônicos/download_806120690_23195.jpg
[2018-01-10 20:19:53] photo: /home/felipe/devel/github_ArqueologiaDigital/Telegram_logs/media/Arqueologia_Digital_e_Preservação_Histórica_por_meio_da_Emulação_de_Dispositivos_Eletrônicos/download_804728712_86828.jpg
[2018-01-10 20:19:53] photo: /home/felipe/devel/github_ArqueologiaDigital/Telegram_logs/media/Arqueologia_Digital_e_Preservação_Histórica_por_meio_da_Emulação_de_Dispositivos_Eletrônicos/download_806124169_22982.jpg
[2018-01-10 20:19:53] photo: /home/felipe/devel/github_ArqueologiaDigital/Telegram_logs/media/Arqueologia_Digital_e_Preservação_Histórica_por_meio_da_Emulação_de_Dispositivos_Eletrônicos/download_805514795_75141.jpg
[2018-01-10 20:19:53] photo: /home/felipe/devel/github_ArqueologiaDigital/Telegram_logs/media/Arqueologia_Digital_e_Preservação_Histórica_por_meio_da_Emulação_de_Dispositivos_Eletrônicos/download_806122006_22484.jpg
[2018-01-10 20:19:53] photo: /home/felipe/devel/github_ArqueologiaDigital/Telegram_logs/media/Arqueologia_Digital_e_Preservação_Histórica_por_meio_da_Emulação_de_Dispositivos_Eletrônicos/download_806121498_22949.jpg
[2018-01-10 20:19:53] photo: /home/felipe/devel/github_ArqueologiaDigital/Telegram_logs/media/Arqueologia_Digital_e_Preservação_Histórica_por_meio_da_Emulação_de_Dispositivos_Eletrônicos/download_806122270_23142.jpg
[2018-01-10 20:19:53] photo: /home/felipe/devel/github_ArqueologiaDigital/Telegram_logs/media/Arqueologia_Digital_e_Preservação_Histórica_por_meio_da_Emulação_de_Dispositivos_Eletrônicos/download_804723689_113458.jpg
[2018-01-10 20:19:53] photo: /home/felipe/devel/github_ArqueologiaDigital/Telegram_logs/media/Arqueologia_Digital_e_Preservação_Histórica_por_meio_da_Emulação_de_Dispositivos_Eletrônicos/download_804729070_87747.jpg
[2018-01-10 20:21:39] photo: /home/felipe/devel/github_ArqueologiaDigital/Telegram_logs/media/Arqueologia_Digital_e_Preservação_Histórica_por_meio_da_Emulação_de_Dispositivos_Eletrônicos/download_804722801_110092.jpg
[2018-01-10 20:21:39] photo: /home/felipe/devel/github_ArqueologiaDigital/Telegram_logs/media/Arqueologia_Digital_e_Preservação_Histórica_por_meio_da_Emulação_de_Dispositivos_Eletrônicos/download_804722585_110594.jpg
[2018-01-10 20:22:26] As fotos todas acima são do computador Scopus Nexus 2600 (supostamente um clone de IBM PC XT)
[2018-01-10 20:55:24] O Nexus 2600 foi a segunda geração de PC XT da Scopus.
[2018-01-10 20:56:50] photo: /home/felipe/devel/github_ArqueologiaDigital/Telegram_logs/media/Arqueologia_Digital_e_Preservação_Histórica_por_meio_da_Emulação_de_Dispositivos_Eletrônicos/download_806120317_23198.jpg
[2018-01-10 20:56:50] photo: /home/felipe/devel/github_ArqueologiaDigital/Telegram_logs/media/Arqueologia_Digital_e_Preservação_Histórica_por_meio_da_Emulação_de_Dispositivos_Eletrônicos/download_804728395_88258.jpg
[2018-01-10 20:56:51] photo: /home/felipe/devel/github_ArqueologiaDigital/Telegram_logs/media/Arqueologia_Digital_e_Preservação_Histórica_por_meio_da_Emulação_de_Dispositivos_Eletrônicos/download_806122202_23166.jpg
[2018-01-10 20:57:19] Existe algum requisito especial para o teclado ?
[2018-01-10 20:58:31] Sim, a interface não é padrão.
[2018-01-10 20:58:38] Temos esses teclados aqui, nao sei se eles tem alguma diferenca técnica...
[2018-01-10 20:58:44] photo: /home/felipe/devel/github_ArqueologiaDigital/Telegram_logs/media/Arqueologia_Digital_e_Preservação_Histórica_por_meio_da_Emulação_de_Dispositivos_Eletrônicos/download_804729374_86301.jpg
[2018-01-10 20:59:32] Depois que boota a gente nao consegue digitar nada, apesar de aparecer um prompt de DOS
[2018-01-10 21:00:21] Só vai funcionar com o teclado da Scopus.
[2018-01-10 21:00:30] Calma que a história é longa...
[2018-01-10 21:02:03] A primeira geração, o Nexus 1600, foi projetado pouco tempo depois do lançamento do IBM PC, quando ainda não estava claro o que era ser compatível.
[2018-01-10 21:03:18] Em alguns pontos a gente tentou aperfeiçoar e em outros achou que não teria problema ser diferente.
[2018-01-10 21:07:09] E vc sabe explicar qual é a diferença?
[2018-01-10 21:07:23] Você participou desser projeto em particular também ?
[2018-01-10 21:08:17] No caso do teclado, se a memória não falha, optamos por usar comunicação assíncrona padrão usando uma USART 8251.
[2018-01-10 21:09:15] Eu participei do projeto do BIOS do 1600 e do SO. Mas acompanhei de perto o desenvolvimento do hw.
[2018-01-10 21:10:13] Olhando para trás, eu diria que o projeto do hardware do Nexus 1600 estava um pouco acima da experiência dos projetistas.
[2018-01-10 21:12:03] O projeto do 2600 foi bem melhor. Porém ele manteve a interface do teclado, o que já sabíamos que gerava problema de compatibilidade com programas e SOs que passassem por cima do BIOS.
[2018-01-10 21:12:25] Affonso Amendola joined with an invite link
[2018-01-10 21:12:44] Olá, gente
[2018-01-10 21:13:23] O Affonso está fazendo estágio aqui na Poli ajudando a organizar o acervo de computadores antigos
[2018-01-10 21:13:56] Eu to dando orientações pra ele aqui (nos conhecemos hoje, mas eu já tinha ouvido falar dele ano passado :-D)
[2018-01-10 21:14:08] Estamos tentando bootar e usar esse 2600
[2018-01-10 21:14:13] o HD parece estar bom
[2018-01-10 21:15:56] Eu tinha um disquete do SISNE em algum lugar...
[2018-01-10 21:38:16] eu adoraria extrair uma imagem do conteúdo desse HD que temos aqui, mas não tenho idéia de como interfacear com ele em um computador moderno
[2018-01-10 21:45:01] conector DB25 macho na PCB com a label "LINHA" ao lado de um conector DB25 fêmea com label "IMPRESSORA". O que seria "LINHA"?
[2018-01-10 21:45:42] photo: /home/felipe/devel/github_ArqueologiaDigital/Telegram_logs/media/Arqueologia_Digital_e_Preservação_Histórica_por_meio_da_Emulação_de_Dispositivos_Eletrônicos/download_804724629_110416.jpg
[2018-01-10 22:28:29] Se não me engano uns equipamentos paralelos permitiam ligar vários em... Série :P
[2018-01-10 22:29:09] Essa PCB é do computador ou de algum periférico?
[2018-01-10 22:30:24] É do computador mesmo
[2018-01-10 23:20:08] Vou fazer o dump das ROMs do Nexus 2600 hoje
[2018-01-10 23:20:23] Daqui a pouco depois de jantar
[2018-01-10 23:20:55] Manda pra mim?
[2018-01-10 23:21:43] Eu quero ver se eu consigo fazer algo com elas no mame, que nem vc falou
[2018-01-10 23:22:49] Claro!
[2018-01-10 23:23:26] Faz um checkout do código fonte do MAME que tá no github
[2018-01-10 23:24:50] Voce vai precisar compilar a partir dos fontes se quiser fazer coisas novas no MAME (como emular uma placa que ainda não é suportada, por exemplo)
[2018-01-10 23:26:02] Yeah, eu imaginei que teria que fazer isso
[2018-01-10 23:26:52] Quando eu tava mechendo nos cassettes do msx eu tava precisando ler o codigo do reader la que o mame usa pra ler
[2018-01-10 23:27:24] Compilar o MAME inteiro demora horas. Por conta disso, é bom ver como se faz "single driver MAME build". Dá uma googlada.
[2018-01-10 23:28:13] Vo deixar compilando de noite
[2018-01-10 23:28:23] Mas pra dar uma olhada eu faço issoae
[2018-01-10 23:42:16] Agora, uma pergunta, eu n vi nenhuma bateria nessa placa mãe aí, como que ele mantinha as configurações?
[2018-01-10 23:43:07] Ou ele autodetectava o hd e coisas do tipo todo boot?
