[2018-01-19 00:35:10] DQ, você tá em contato com o Sebastião ?
[2018-01-19 00:35:48] O Solution 16 dele tá meio largado lá no depósito do Garoa
[2018-01-19 06:41:23] De vez em quando falo com ele por e-mail.
[2018-01-19 17:22:20] photo: /home/felipe/devel/github_ArqueologiaDigital/Telegram_logs/media/Arqueologia_Digital_e_Preservação_Histórica_por_meio_da_Emulação_de_Dispositivos_Eletrônicos/download_804725055_116759.jpg
[2018-01-19 17:22:42] photo: /home/felipe/devel/github_ArqueologiaDigital/Telegram_logs/media/Arqueologia_Digital_e_Preservação_Histórica_por_meio_da_Emulação_de_Dispositivos_Eletrônicos/download_806123384_27624.jpg
[2018-01-19 17:22:59] photo: /home/felipe/devel/github_ArqueologiaDigital/Telegram_logs/media/Arqueologia_Digital_e_Preservação_Histórica_por_meio_da_Emulação_de_Dispositivos_Eletrônicos/download_806124490_27235.jpg
[2018-01-19 17:23:19] photo: /home/felipe/devel/github_ArqueologiaDigital/Telegram_logs/media/Arqueologia_Digital_e_Preservação_Histórica_por_meio_da_Emulação_de_Dispositivos_Eletrônicos/download_806119316_27923.jpg
[2018-01-19 17:23:51] Ta muito bem cuidado
[2018-01-19 17:24:01] document: /home/felipe/devel/github_ArqueologiaDigital/Telegram_logs/media/Arqueologia_Digital_e_Preservação_Histórica_por_meio_da_Emulação_de_Dispositivos_Eletrônicos/download_328774854541050098.webp
[2018-01-19 17:24:24] A interface de comunicacao dele ta toda descrita no manual
[2018-01-19 17:24:49] Tem idéia de que ano é isso?
[2018-01-19 17:25:00] Já tem scanner aí no laboratório?
[2018-01-19 17:25:16] Acho que uma tarefa extremamente nobre seria escanear eses manuais e subir no internet archive
[2018-01-19 17:25:26] photo: /home/felipe/devel/github_ArqueologiaDigital/Telegram_logs/media/Arqueologia_Digital_e_Preservação_Histórica_por_meio_da_Emulação_de_Dispositivos_Eletrônicos/download_806119495_27940.jpg
[2018-01-19 17:25:39] igual eu fiz com um monte de coisas do Patinho Feio: https://archive.org/search.php?query=subject%3A%22patinho+feio%22
[2018-01-19 17:25:50] Manual tecnico ta meio danificado :(
[2018-01-19 17:25:56] wow!!! 1974!
[2018-01-19 17:26:08] photo: /home/felipe/devel/github_ArqueologiaDigital/Telegram_logs/media/Arqueologia_Digital_e_Preservação_Histórica_por_meio_da_Emulação_de_Dispositivos_Eletrônicos/download_806123229_27355.jpg
[2018-01-19 17:26:49] Mas dá pra ler
[2018-01-19 17:27:23] Da sim
[2018-01-19 17:28:59] Vo escanear
[2018-01-19 17:31:07] photo: /home/felipe/devel/github_ArqueologiaDigital/Telegram_logs/media/Arqueologia_Digital_e_Preservação_Histórica_por_meio_da_Emulação_de_Dispositivos_Eletrônicos/download_805513892_79299.jpg
[2018-01-19 17:31:35] photo: /home/felipe/devel/github_ArqueologiaDigital/Telegram_logs/media/Arqueologia_Digital_e_Preservação_Histórica_por_meio_da_Emulação_de_Dispositivos_Eletrônicos/download_804730951_92956.jpg
[2018-01-19 17:31:36] O equipamento tá preservadíssimo
[2018-01-19 17:31:46] photo: /home/felipe/devel/github_ArqueologiaDigital/Telegram_logs/media/Arqueologia_Digital_e_Preservação_Histórica_por_meio_da_Emulação_de_Dispositivos_Eletrônicos/download_804723246_117651.jpg
[2018-01-19 17:32:15] Tem até o cabo de forca e um otro conector
[2018-01-19 17:32:43] photo: /home/felipe/devel/github_ArqueologiaDigital/Telegram_logs/media/Arqueologia_Digital_e_Preservação_Histórica_por_meio_da_Emulação_de_Dispositivos_Eletrônicos/download_804729725_92384.jpg
[2018-01-19 17:33:02] aha!
[2018-01-19 17:33:29] E esse cabo de força aparentemente é o mesmo que é usado no terminal serial Sagitta 150
[2018-01-19 17:34:24] photo: /home/felipe/devel/github_ArqueologiaDigital/Telegram_logs/media/Arqueologia_Digital_e_Preservação_Histórica_por_meio_da_Emulação_de_Dispositivos_Eletrônicos/download_806122016_28156.jpg
[2018-01-19 17:35:08] photo: /home/felipe/devel/github_ArqueologiaDigital/Telegram_logs/media/Arqueologia_Digital_e_Preservação_Histórica_por_meio_da_Emulação_de_Dispositivos_Eletrônicos/download_806120238_27993.jpg
[2018-01-19 17:35:15] ah! Isso aí é leitora de fita perfurada !!!!
[2018-01-19 17:35:19] photo: /home/felipe/devel/github_ArqueologiaDigital/Telegram_logs/media/Arqueologia_Digital_e_Preservação_Histórica_por_meio_da_Emulação_de_Dispositivos_Eletrônicos/download_804727969_92598.jpg
[2018-01-19 17:35:20] Achei que fosse para fita magnética
[2018-01-19 17:35:24] https://ub.fnwi.uva.nl/computermuseum/facit4021.html
[2018-01-19 17:35:42] Caramba!
[2018-01-19 17:35:58] Verdade
[2018-01-19 17:36:04] Tbem achava que era magnetica
[2018-01-19 17:36:16] photo: /home/felipe/devel/github_ArqueologiaDigital/Telegram_logs/media/Arqueologia_Digital_e_Preservação_Histórica_por_meio_da_Emulação_de_Dispositivos_Eletrônicos/download_804727968_94077.jpg
[2018-01-19 17:36:39] Eu tenho acesso a algumas fitas perfuradas do Patinho Feio
[2018-01-19 17:36:46] podemos digitaliza-las com isso aí
[2018-01-19 17:37:11] o Sebastião ficou de trazer as coisas dele e estamos tentando agendar para ir no feriado de 5a feira que vem
[2018-01-19 17:40:54] Vir aqui na quinta?
[2018-01-19 17:41:04] isso
[2018-01-19 17:41:28] o Sebastião inclusive decidiu doar um Prológica Solution 16
[2018-01-19 17:41:52] Alright, estarei aquu
[2018-01-19 17:41:56] Oooh, damn
[2018-01-19 17:42:14] doar para o acervo da USP
[2018-01-19 17:42:32] Daorao
[2018-01-19 17:42:47] S2 Sebastiao
[2018-01-19 17:42:56] mas da ultima vez que vi o Tião tentando ligar esse Solution 16, lembro que não tava dando boot
[2018-01-19 17:43:37] Algo pra gente solucionar (Haaa, 👉👉)
[2018-01-19 17:44:06] Solucionar, solution, okay, parei
[2018-01-19 17:44:17] Vo escanear esses manuais e subir pro archive
[2018-01-19 17:45:48] legal
[2018-01-19 17:45:56] me manda o link depois que estiver pronto pra eu estudar
[2018-01-19 17:46:01] pensar como interfacear
[2018-01-19 17:46:17] isso aí ia ser perfeito pra ligar no arduino junto com o emulador do patinho feio
[2018-01-19 17:46:40] ou via USB como um periférico real conectado ao Patinho Feio emulado no MAME
[2018-01-19 17:47:04] Aparentemente é serial
[2018-01-19 17:47:11] Pelo que o fernando tava falando
[2018-01-19 18:23:35] https://archive.org/details/affonsoamendola_bol_A
[2018-01-19 18:23:58] N sei pq o link ficou com o meu nome, mas whatever, Ta aí
[2018-01-19 18:24:09] have fun
