[2017-11-23 12:59:59] Alguém tem à mão uma foto do teclado do Lepus (eu devo ter na câmera, mas ela está em casa)
[2017-11-23 13:17:03] Eu não tirei nenhuma foto lá no laSSu. Foram mais vc e o Fernando.
[2017-11-23 13:17:44] As fotos q o Fernando nos enviou estão no site arqueologiadigital.org (no slideshow). Mas acho q não servem.
[2017-11-23 13:31:47] photo: /home/felipe/devel/github_ArqueologiaDigital/Telegram_logs/media/Arqueologia_Digital_e_Preservação_Histórica_por_meio_da_Emulação_de_Dispositivos_Eletrônicos/download_804729410_55243.jpg
[2017-11-23 13:35:38] Confirmado a conversa de hoje?
[2017-11-23 13:39:21] Acredito estar confirmado já. @fsanches eu tbm estarei lá.
[2017-11-23 13:45:13] Blz =)
[2017-11-23 13:48:05] sim, confirmado!
[2017-11-23 14:03:16] Obrigado, mas nesta fica difícil ver as legendas nas teclas. Hoje a noite vou ver se tenho alguma melhor.
[2017-11-23 14:06:04] As teclas são lidas através dos endereços E002 a E00B. Cada endereço lê uma linha da matriz do teclado, que pode ter até 8 teclas (cada uma corresponde a um bit do valor lido). As teclas pressionadas vem com o bit 1.
[2017-11-23 14:07:02] Devido à simplicidade do hardware e à falta de Ram, o software suporte apenas uma tecla pressionada por vez (fora shift e control).
[2017-11-23 15:04:55] então o teclado do Lepus não é polifônico? (Desculpe, não podia deixar escapar essa 🤓)
[2017-11-23 15:05:51] Como será q Shift e Ctrl funcionam? Seria como se talvez setassem um flag ou algo parecido?
[2017-11-23 15:06:09] talvez um valor em um dos registradores para sinalizar?
[2017-11-23 17:15:21] De forma simplificada, o shift e control selecionam a tabela que é usada para converte linha e coluna em caracter. As tabelas estão em 0x41D (normal), 0x46D (shift) e 0x4BD (control). Em 0x415 tem uma tabela para selecionar a tabela para as quatro combinações de estado de shift e control, no caso o control prevalece sobre o shift.
[2017-11-23 17:16:28] Teclas marcadas com 0xEF na tabela não geram código. Isto corresponde a posições vazias da matriz de teclado, combinações ignoradas e às próprias teclas modificadoras.
[2017-11-23 17:18:09] Uma curiosidade: no endereço 0xE000 temos uma porta de leitura e uma porta de saída. Lendo 0xE000 é lida uma dip swith (que contém o baud e outras opções). A escrita controla várias coisas.
[2017-11-23 17:19:48] Os quatro bits menos significativos controlam a geração de baudrate (com a mesma codificação usada na dip switch, o que simplifica um pouco). O bit 4 controla o buzzer. Estou quase certo que o bit 5 é chaveado a cada tecla detectada e portanto seria um click de teclado.
[2017-11-23 17:20:56] Ainda tem um tanto do código e algumas variáveis que eu ainda não decifrei.
[2017-11-23 19:39:22] Pessoal, talvez eu atrase uns 5-10m
[2017-11-23 19:39:57] Eu idem
[2017-11-23 19:45:14] Preso no congestionamento. R. Hungria
